<?xml version="1.0" encoding="UTF-8"?>
<!-- Generated by org.testng.reporters.JUnitXMLReporter -->
<testsuite hostname="DELL" ignored="0" name="CucuTest" tests="0" failures="0" timestamp="2023-03-17T09:41:17 IST" time="2.084" errors="0">
  <testcase name="@BeforeClass setUpClass" time="2.042" classname="io.cucumber.testng.AbstractTestNGCucumberTests">
    <failure type="java.lang.IllegalArgumentException" message="Feature not found: file:/C:/Users/D%20E%20%20L%20L/eclipse-workspace/CASESTUDY_BDD/src/test/resources/featureFiles/BlazeApp.feature">
      <![CDATA[java.lang.IllegalArgumentException: Feature not found: file:/C:/Users/D%20E%20%20L%20L/eclipse-workspace/CASESTUDY_BDD/src/test/resources/featureFiles/BlazeApp.feature
at io.cucumber.core.runtime.FeaturePathFeatureSupplier.loadFeatures(FeaturePathFeatureSupplier.java:64)
at io.cucumber.core.runtime.FeaturePathFeatureSupplier.get(FeaturePathFeatureSupplier.java:45)
at io.cucumber.testng.TestNGCucumberRunner.<init>(TestNGCucumberRunner.java:122)
at io.cucumber.testng.AbstractTestNGCucumberTests.setUpClass(AbstractTestNGCucumberTests.java:27)
at java.util.ArrayList.forEach(ArrayList.java:1257)
... Removed 25 stack frames]]>
    </failure>
  </testcase> <!-- @BeforeClass setUpClass -->
</testsuite> <!-- CucuTest -->
